<?xml version="1.0" encoding="UTF-8"?>
<testsuite name="calculator.ApplicationTest" tests="2" skipped="0" failures="0" errors="0" timestamp="2025-10-20T10:06:28.554Z" hostname="YECHAN" time="0.218">
  <properties/>
  <testcase name="커스텀_구분자_사용()" classname="calculator.ApplicationTest" time="0.202"/>
  <testcase name="예외_테스트()" classname="calculator.ApplicationTest" time="0.012"/>
  <system-out><![CDATA[덧셈할 문자열을 입력해 주세요.
결과 : 1
덧셈할 문자열을 입력해 주세요.
]]></system-out>
  <system-err><![CDATA[]]></system-err>
</testsuite>
